[2019-09-02 11:14:52] [ERROR] [fileInfoLog:51] -- Invalid bound statement (not found): com.creams.temo.mapper.project.ProjectMapper.queryProjectByName
[2019-09-02 11:15:24] [ERROR] [fileInfoLog:51] -- Invalid bound statement (not found): com.creams.temo.mapper.project.ProjectMapper.queryProjectByName
[2019-09-02 11:15:27] [ERROR] [fileInfoLog:51] -- Invalid bound statement (not found): com.creams.temo.mapper.project.ProjectMapper.queryProjectByName
[2019-09-02 11:15:52] [ERROR] [fileInfoLog:51] -- Invalid bound statement (not found): com.creams.temo.mapper.project.ProjectMapper.queryProjectByName
[2019-09-02 11:15:53] [ERROR] [fileInfoLog:51] -- Invalid bound statement (not found): com.creams.temo.mapper.project.ProjectMapper.queryProjectByName
[2019-09-02 11:18:09] [ERROR] [fileInfoLog:51] -- Invalid bound statement (not found): com.creams.temo.mapper.project.ProjectMapper.queryProjectByName
[2019-09-02 11:20:17] [ERROR] [fileInfoLog:51] -- Invalid bound statement (not found): com.creams.temo.mapper.project.ProjectMapper.queryProjectByName
[2019-09-02 11:24:12] [ERROR] [fileInfoLog:51] -- Invalid bound statement (not found): com.creams.temo.mapper.project.ProjectMapper.queryProjectByName
